-------------------------------------------------------------------------------
Test set: tableTests.TestFailureConfig
-------------------------------------------------------------------------------
Tests run: 2, Failures: 0, Errors: 2, Skipped: 0, Time elapsed: 0.15 sec <<< FAILURE! - in tableTests.TestFailureConfig
testCreateDeleteRow(tableTests.TestFailureConfig)  Time elapsed: 0.015 sec  <<< ERROR!
java.lang.NoClassDefFoundError: javax/persistence/Persistence
	at java.net.URLClassLoader$1.run(URLClassLoader.java:366)
	at java.net.URLClassLoader$1.run(URLClassLoader.java:355)
	at java.security.AccessController.doPrivileged(Native Method)
	at java.net.URLClassLoader.findClass(URLClassLoader.java:354)
	at java.lang.ClassLoader.loadClass(ClassLoader.java:425)
	at sun.misc.Launcher$AppClassLoader.loadClass(Launcher.java:308)
	at java.lang.ClassLoader.loadClass(ClassLoader.java:358)
	at persistence.PersistenceUtil.<clinit>(PersistenceUtil.java:12)
	at config.AbstractTableConfig.createRow(AbstractTableConfig.java:11)
	at tableTests.TestFailureConfig.testCreateDeleteRow(TestFailureConfig.java:22)

testList(tableTests.TestFailureConfig)  Time elapsed: 0 sec  <<< ERROR!
java.lang.NoClassDefFoundError: Could not initialize class persistence.PersistenceUtil
	at config.AbstractTableConfig.createRow(AbstractTableConfig.java:11)
	at tableTests.TestFailureConfig.testList(TestFailureConfig.java:39)

