-------------------------------------------------------------------------------
Test set: tableTests.TestEvent_CauseConfig
-------------------------------------------------------------------------------
Tests run: 2, Failures: 0, Errors: 2, Skipped: 0, Time elapsed: 0.094 sec <<< FAILURE! - in tableTests.TestEvent_CauseConfig
testCreateDeleteRow(tableTests.TestEvent_CauseConfig)  Time elapsed: 0.014 sec  <<< ERROR!
java.lang.NoClassDefFoundError: javax/persistence/Persistence
	at java.net.URLClassLoader$1.run(URLClassLoader.java:366)
	at java.net.URLClassLoader$1.run(URLClassLoader.java:355)
	at java.security.AccessController.doPrivileged(Native Method)
	at java.net.URLClassLoader.findClass(URLClassLoader.java:354)
	at java.lang.ClassLoader.loadClass(ClassLoader.java:425)
	at sun.misc.Launcher$AppClassLoader.loadClass(Launcher.java:308)
	at java.lang.ClassLoader.loadClass(ClassLoader.java:358)
	at persistence.PersistenceUtil.<clinit>(PersistenceUtil.java:12)
	at config.AbstractTableConfig.createRow(AbstractTableConfig.java:11)
	at tableTests.TestEvent_CauseConfig.testCreateDeleteRow(TestEvent_CauseConfig.java:23)

testList(tableTests.TestEvent_CauseConfig)  Time elapsed: 0.001 sec  <<< ERROR!
java.lang.NoClassDefFoundError: Could not initialize class persistence.PersistenceUtil
	at config.AbstractTableConfig.createRow(AbstractTableConfig.java:11)
	at tableTests.TestEvent_CauseConfig.testList(TestEvent_CauseConfig.java:40)

