-------------------------------------------------------------------------------
Test set: tableTests.TestUser_EquipmentConfig
-------------------------------------------------------------------------------
Tests run: 2, Failures: 0, Errors: 2, Skipped: 0, Time elapsed: 0.099 sec <<< FAILURE! - in tableTests.TestUser_EquipmentConfig
testCreateDeleteRow(tableTests.TestUser_EquipmentConfig)  Time elapsed: 0.012 sec  <<< ERROR!
java.lang.NoClassDefFoundError: javax/persistence/Persistence
	at java.net.URLClassLoader$1.run(URLClassLoader.java:366)
	at java.net.URLClassLoader$1.run(URLClassLoader.java:355)
	at java.security.AccessController.doPrivileged(Native Method)
	at java.net.URLClassLoader.findClass(URLClassLoader.java:354)
	at java.lang.ClassLoader.loadClass(ClassLoader.java:425)
	at sun.misc.Launcher$AppClassLoader.loadClass(Launcher.java:308)
	at java.lang.ClassLoader.loadClass(ClassLoader.java:358)
	at persistence.PersistenceUtil.<clinit>(PersistenceUtil.java:12)
	at config.AbstractTableConfig.createRow(AbstractTableConfig.java:11)
	at tableTests.TestUser_EquipmentConfig.testCreateDeleteRow(TestUser_EquipmentConfig.java:23)

testList(tableTests.TestUser_EquipmentConfig)  Time elapsed: 0 sec  <<< ERROR!
java.lang.NoClassDefFoundError: Could not initialize class persistence.PersistenceUtil
	at config.AbstractTableConfig.createRow(AbstractTableConfig.java:11)
	at tableTests.TestUser_EquipmentConfig.testList(TestUser_EquipmentConfig.java:48)

