<?xml version="1.0" encoding="UTF-8"?>
<testsuite name="tableTests.TestUser_EquipmentConfig" time="0.012" tests="2" errors="2" skipped="0" failures="0">
  <properties>
[...]
</properties>
  <testcase name="testCreateDeleteRow" classname="tableTests.TestUser_EquipmentConfig" time="0.012">
    <error message="javax/persistence/Persistence" type="java.lang.NoClassDefFoundError"><![CDATA[java.lang.NoClassDefFoundError: javax/persistence/Persistence
	at java.net.URLClassLoader$1.run(URLClassLoader.java:366)
	at java.net.URLClassLoader$1.run(URLClassLoader.java:355)
	at java.security.AccessController.doPrivileged(Native Method)
	at java.net.URLClassLoader.findClass(URLClassLoader.java:354)
	at java.lang.ClassLoader.loadClass(ClassLoader.java:425)
	at sun.misc.Launcher$AppClassLoader.loadClass(Launcher.java:308)
	at java.lang.ClassLoader.loadClass(ClassLoader.java:358)
	at persistence.PersistenceUtil.<clinit>(PersistenceUtil.java:12)
	at config.AbstractTableConfig.createRow(AbstractTableConfig.java:11)
	at tableTests.TestUser_EquipmentConfig.testCreateDeleteRow(TestUser_EquipmentConfig.java:23)
]]></error>
  </testcase>
  <testcase name="testList" classname="tableTests.TestUser_EquipmentConfig" time="0">
    <error message="Could not initialize class persistence.PersistenceUtil" type="java.lang.NoClassDefFoundError">java.lang.NoClassDefFoundError: Could not initialize class persistence.PersistenceUtil
	at config.AbstractTableConfig.createRow(AbstractTableConfig.java:11)
	at tableTests.TestUser_EquipmentConfig.testList(TestUser_EquipmentConfig.java:48)
</error>
  </testcase>
</testsuite>